<?xml version="1.0" encoding="UTF-8"?>
<testng-results ignored="1" total="1" passed="0" failed="0" skipped="0">
  <reporter-output>
  </reporter-output>
  <suite started-at="2021-03-15T11:13:35 IST" name="Default suite" finished-at="2021-03-15T11:13:36 IST" duration-ms="903">
    <groups>
    </groups>
    <test started-at="2021-03-15T11:13:35 IST" name="Default test" finished-at="2021-03-15T11:13:36 IST" duration-ms="903">
      <class name="com.vitger.creatrnewproduct.Createproduct">
        <test-method is-config="true" signature="configBeforeSuite()[pri:0, instance:com.vitger.creatrnewproduct.Createproduct@1677d1]" started-at="2021-03-15T11:13:35 IST" name="configBeforeSuite" finished-at="2021-03-15T11:13:35 IST" duration-ms="7" status="PASS">
          <reporter-output>
          </reporter-output>
        </test-method> <!-- configBeforeSuite -->
      </class> <!-- com.vitger.creatrnewproduct.Createproduct -->
    </test> <!-- Default test -->
  </suite> <!-- Default suite -->
</testng-results>
