<?xml version="1.0" encoding="UTF-8"?>
<!-- Generated by org.testng.reporters.JUnitXMLReporter -->
<testsuite ignored="0" hostname="LAPTOP-A3ONQS5O" failures="0" tests="10" name="Test" time="0.061" errors="0" timestamp="2021-03-11T22:49:36 IST">
  <testcase classname="practice.Testdata" name="admin" time="0.006"/>
  <testcase classname="practice.Testdata" name="cab" time="0.001"/>
  <testcase classname="practice.Testdata" name="create" time="0.002"/>
  <testcase classname="practice.Testdata" name="finance" time="0.003"/>
  <testcase classname="practice.Testdata" name="gents" time="0.002"/>
  <testcase classname="practice.Testdata" name="hr" time="0.001"/>
  <testcase classname="practice.Testdata" name="ladies" time="0.001"/>
  <testcase classname="practice.Testdata" name="non" time="0.003"/>
  <testcase classname="practice.Testdata" name="staff" time="0.002"/>
  <testcase classname="practice.Testdata" name="store" time="0.002"/>
</testsuite> <!-- Test -->
